No form created: suhvli+N+Sg+Tra (main)
No form created: suhvli+N+Sg+Ter (main)
No form created: suhvli+N+Sg+Ess (main)
No form created: suhvli+N+Sg+Abe (main)
No form created: suhvli+N+Sg+Com (main)
No form created: suhvli+N+Pl+Ess (main)
No form created: suhvli+N+Pl+Tra (main)
No form created: suhvli+N+Pl+Ter (main)
No form created: suhvli+N+Pl+Com (main)

No forms generated for perädü in dialect main

No form created: hans'a+N+Sg+Nom (main)
No form created: hans'a+N+Sg+Gen (main)
No form created: hans'a+N+Sg+Par (main)
No form created: hans'a+N+Sg+Ill (main)
No form created: hans'a+N+Sg+Ela (main)
No form created: hans'a+N+Sg+Ine (main)
No form created: hans'a+N+Sg+Ade (main)
No form created: hans'a+N+Sg+All (main)
No form created: hans'a+N+Sg+Abl (main)
No form created: hans'a+N+Sg+Tra (main)
No form created: hans'a+N+Sg+Ter (main)
No form created: hans'a+N+Sg+Ess (main)
No form created: hans'a+N+Sg+Abe (main)
No form created: hans'a+N+Sg+Com (main)
No form created: hans'a+N+Pl+Nom (main)
No form created: hans'a+N+Pl+Gen (main)
No form created: hans'a+N+Pl+Par (main)
No form created: hans'a+N+Pl+Ill (main)
No form created: hans'a+N+Pl+Ela (main)
No form created: hans'a+N+Pl+Ine (main)
No form created: hans'a+N+Pl+Ess (main)
No form created: hans'a+N+Pl+Ade (main)
No form created: hans'a+N+Pl+All (main)
No form created: hans'a+N+Pl+Abl (main)
No form created: hans'a+N+Pl+Tra (main)
No form created: hans'a+N+Pl+Ter (main)
No form created: hans'a+N+Pl+Abe (main)
No form created: hans'a+N+Pl+Com (main)

No form created: oppaja+N+Sg+Tra (main)
No form created: oppaja+N+Sg+Ter (main)
No form created: oppaja+N+Sg+Ess (main)
No form created: oppaja+N+Sg+Abe (main)
No form created: oppaja+N+Sg+Com (main)
No form created: oppaja+N+Pl+Ess (main)
No form created: oppaja+N+Pl+Tra (main)
No form created: oppaja+N+Pl+Ter (main)
No form created: oppaja+N+Pl+Com (main)

No forms generated for kerge in dialect main

No form created: kipõn+N+Sg+Nom (main)
No form created: kipõn+N+Sg+Gen (main)
No form created: kipõn+N+Sg+Par (main)
No form created: kipõn+N+Sg+Ill (main)
No form created: kipõn+N+Sg+Ela (main)
No form created: kipõn+N+Sg+Ine (main)
No form created: kipõn+N+Sg+Ade (main)
No form created: kipõn+N+Sg+All (main)
No form created: kipõn+N+Sg+Abl (main)
No form created: kipõn+N+Sg+Tra (main)
No form created: kipõn+N+Sg+Ter (main)
No form created: kipõn+N+Sg+Ess (main)
No form created: kipõn+N+Sg+Abe (main)
No form created: kipõn+N+Sg+Com (main)
No form created: kipõn+N+Pl+Nom (main)
No form created: kipõn+N+Pl+Gen (main)
No form created: kipõn+N+Pl+Par (main)
No form created: kipõn+N+Pl+Ill (main)
No form created: kipõn+N+Pl+Ela (main)
No form created: kipõn+N+Pl+Ine (main)
No form created: kipõn+N+Pl+Ess (main)
No form created: kipõn+N+Pl+Ade (main)
No form created: kipõn+N+Pl+All (main)
No form created: kipõn+N+Pl+Abl (main)
No form created: kipõn+N+Pl+Tra (main)
No form created: kipõn+N+Pl+Ter (main)
No form created: kipõn+N+Pl+Abe (main)
No form created: kipõn+N+Pl+Com (main)

No form created: elläi+N+Sg+Tra (main)
No form created: elläi+N+Sg+Ter (main)
No form created: elläi+N+Sg+Ess (main)
No form created: elläi+N+Sg+Abe (main)
No form created: elläi+N+Sg+Com (main)
No form created: elläi+N+Pl+Ess (main)
No form created: elläi+N+Pl+Tra (main)
No form created: elläi+N+Pl+Ter (main)
No form created: elläi+N+Pl+Com (main)

No form created: inemine+N+Sg+Tra (main)
No form created: inemine+N+Sg+Ter (main)
No form created: inemine+N+Sg+Ess (main)
No form created: inemine+N+Sg+Abe (main)
No form created: inemine+N+Sg+Com (main)
No form created: inemine+N+Pl+Ess (main)
No form created: inemine+N+Pl+Tra (main)
No form created: inemine+N+Pl+Ter (main)
No form created: inemine+N+Pl+Com (main)

No form created: tialanõ+N+Sg+Tra (main)
No form created: tialanõ+N+Sg+Ter (main)
No form created: tialanõ+N+Sg+Ess (main)
No form created: tialanõ+N+Sg+Abe (main)
No form created: tialanõ+N+Sg+Com (main)
No form created: tialanõ+N+Pl+Ess (main)
No form created: tialanõ+N+Pl+Tra (main)
No form created: tialanõ+N+Pl+Ter (main)
No form created: tialanõ+N+Pl+Com (main)

No forms generated for alomanõ in dialect main

No forms generated for kuldnõ in dialect main

No form created: alonõ+N+Sg+Tra (main)
No form created: alonõ+N+Sg+Ter (main)
No form created: alonõ+N+Sg+Ess (main)
No form created: alonõ+N+Sg+Abe (main)
No form created: alonõ+N+Sg+Com (main)
No form created: alonõ+N+Pl+Ess (main)
No form created: alonõ+N+Pl+Tra (main)
No form created: alonõ+N+Pl+Ter (main)
No form created: alonõ+N+Pl+Com (main)

No form created: võrokõnõ+N+Sg+Tra (main)
No form created: võrokõnõ+N+Sg+Ter (main)
No form created: võrokõnõ+N+Sg+Ess (main)
No form created: võrokõnõ+N+Sg+Abe (main)
No form created: võrokõnõ+N+Sg+Com (main)
No form created: võrokõnõ+N+Pl+Ess (main)
No form created: võrokõnõ+N+Pl+Tra (main)
No form created: võrokõnõ+N+Pl+Ter (main)
No form created: võrokõnõ+N+Pl+Com (main)

No form created: ehitüs+N+Sg+Tra (main)
No form created: ehitüs+N+Sg+Ter (main)
No form created: ehitüs+N+Sg+Ess (main)
No form created: ehitüs+N+Sg+Abe (main)
No form created: ehitüs+N+Sg+Com (main)
No form created: ehitüs+N+Pl+Ess (main)
No form created: ehitüs+N+Pl+Tra (main)
No form created: ehitüs+N+Pl+Ter (main)
No form created: ehitüs+N+Pl+Com (main)

No form created: tervüs+N+Sg+Tra (main)
No form created: tervüs+N+Sg+Ter (main)
No form created: tervüs+N+Sg+Ess (main)
No form created: tervüs+N+Sg+Abe (main)
No form created: tervüs+N+Sg+Com (main)
No form created: tervüs+N+Pl+Ess (main)
No form created: tervüs+N+Pl+Tra (main)
No form created: tervüs+N+Pl+Ter (main)
No form created: tervüs+N+Pl+Com (main)

No form created: kotus+N+Sg+Tra (main)
No form created: kotus+N+Sg+Ter (main)
No form created: kotus+N+Sg+Ess (main)
No form created: kotus+N+Sg+Abe (main)
No form created: kotus+N+Sg+Com (main)
No form created: kotus+N+Pl+Ess (main)
No form created: kotus+N+Pl+Tra (main)
No form created: kotus+N+Pl+Ter (main)
No form created: kotus+N+Pl+Com (main)

No form created: repän'+N+Sg+Nom (main)
No form created: repän'+N+Sg+Gen (main)
No form created: repän'+N+Sg+Par (main)
No form created: repän'+N+Sg+Ill (main)
No form created: repän'+N+Sg+Ela (main)
No form created: repän'+N+Sg+Ine (main)
No form created: repän'+N+Sg+Ade (main)
No form created: repän'+N+Sg+All (main)
No form created: repän'+N+Sg+Abl (main)
No form created: repän'+N+Sg+Tra (main)
No form created: repän'+N+Sg+Ter (main)
No form created: repän'+N+Sg+Ess (main)
No form created: repän'+N+Sg+Abe (main)
No form created: repän'+N+Sg+Com (main)
No form created: repän'+N+Pl+Nom (main)
No form created: repän'+N+Pl+Gen (main)
No form created: repän'+N+Pl+Par (main)
No form created: repän'+N+Pl+Ill (main)
No form created: repän'+N+Pl+Ela (main)
No form created: repän'+N+Pl+Ine (main)
No form created: repän'+N+Pl+Ess (main)
No form created: repän'+N+Pl+Ade (main)
No form created: repän'+N+Pl+All (main)
No form created: repän'+N+Pl+Abl (main)
No form created: repän'+N+Pl+Tra (main)
No form created: repän'+N+Pl+Ter (main)
No form created: repän'+N+Pl+Abe (main)
No form created: repän'+N+Pl+Com (main)

No form created: hõrak+N+Sg+Tra (main)
No form created: hõrak+N+Sg+Ter (main)
No form created: hõrak+N+Sg+Ess (main)
No form created: hõrak+N+Sg+Abe (main)
No form created: hõrak+N+Sg+Com (main)
No form created: hõrak+N+Pl+Ess (main)
No form created: hõrak+N+Pl+Tra (main)
No form created: hõrak+N+Pl+Ter (main)
No form created: hõrak+N+Pl+Com (main)

No forms generated for makõ in dialect main

No form created: rits'kas+N+Sg+Nom (main)
No form created: rits'kas+N+Sg+Gen (main)
No form created: rits'kas+N+Sg+Par (main)
No form created: rits'kas+N+Sg+Ill (main)
No form created: rits'kas+N+Sg+Ela (main)
No form created: rits'kas+N+Sg+Ine (main)
No form created: rits'kas+N+Sg+Ade (main)
No form created: rits'kas+N+Sg+All (main)
No form created: rits'kas+N+Sg+Abl (main)
No form created: rits'kas+N+Sg+Tra (main)
No form created: rits'kas+N+Sg+Ter (main)
No form created: rits'kas+N+Sg+Ess (main)
No form created: rits'kas+N+Sg+Abe (main)
No form created: rits'kas+N+Sg+Com (main)
No form created: rits'kas+N+Pl+Nom (main)
No form created: rits'kas+N+Pl+Gen (main)
No form created: rits'kas+N+Pl+Par (main)
No form created: rits'kas+N+Pl+Ill (main)
No form created: rits'kas+N+Pl+Ela (main)
No form created: rits'kas+N+Pl+Ine (main)
No form created: rits'kas+N+Pl+Ess (main)
No form created: rits'kas+N+Pl+Ade (main)
No form created: rits'kas+N+Pl+All (main)
No form created: rits'kas+N+Pl+Abl (main)
No form created: rits'kas+N+Pl+Tra (main)
No form created: rits'kas+N+Pl+Ter (main)
No form created: rits'kas+N+Pl+Abe (main)
No form created: rits'kas+N+Pl+Com (main)

No form created: asõq+N+Sg+Tra (main)
No form created: asõq+N+Sg+Ter (main)
No form created: asõq+N+Sg+Ess (main)
No form created: asõq+N+Sg+Abe (main)
No form created: asõq+N+Sg+Com (main)
No form created: asõq+N+Pl+Ela (main)
No form created: asõq+N+Pl+Ine (main)
No form created: asõq+N+Pl+Ess (main)
No form created: asõq+N+Pl+Ade (main)
No form created: asõq+N+Pl+Abl (main)
No form created: asõq+N+Pl+Tra (main)
No form created: asõq+N+Pl+Ter (main)
No form created: asõq+N+Pl+Abe (main)
No form created: asõq+N+Pl+Com (main)

No forms generated for hapu in dialect main

No form created: läteq+N+Sg+Ela (main)
No form created: läteq+N+Sg+Ine (main)
No form created: läteq+N+Sg+Ade (main)
No form created: läteq+N+Sg+All (main)
No form created: läteq+N+Sg+Abl (main)
No form created: läteq+N+Sg+Tra (main)
No form created: läteq+N+Sg+Ter (main)
No form created: läteq+N+Sg+Ess (main)
No form created: läteq+N+Sg+Abe (main)
No form created: läteq+N+Sg+Com (main)
No form created: läteq+N+Pl+Ela (main)
No form created: läteq+N+Pl+Ine (main)
No form created: läteq+N+Pl+Ess (main)
No form created: läteq+N+Pl+Ade (main)
No form created: läteq+N+Pl+All (main)
No form created: läteq+N+Pl+Abl (main)
No form created: läteq+N+Pl+Tra (main)
No form created: läteq+N+Pl+Ter (main)
No form created: läteq+N+Pl+Abe (main)
No form created: läteq+N+Pl+Com (main)

No form created: kommõq+N+Sg+Ela (main)
No form created: kommõq+N+Sg+Ine (main)
No form created: kommõq+N+Sg+Ade (main)
No form created: kommõq+N+Sg+All (main)
No form created: kommõq+N+Sg+Abl (main)
No form created: kommõq+N+Sg+Tra (main)
No form created: kommõq+N+Sg+Ter (main)
No form created: kommõq+N+Sg+Ess (main)
No form created: kommõq+N+Sg+Abe (main)
No form created: kommõq+N+Sg+Com (main)
No form created: kommõq+N+Pl+Ela (main)
No form created: kommõq+N+Pl+Ine (main)
No form created: kommõq+N+Pl+Ess (main)
No form created: kommõq+N+Pl+Ade (main)
No form created: kommõq+N+Pl+All (main)
No form created: kommõq+N+Pl+Abl (main)
No form created: kommõq+N+Pl+Tra (main)
No form created: kommõq+N+Pl+Ter (main)
No form created: kommõq+N+Pl+Abe (main)
No form created: kommõq+N+Pl+Com (main)

No form created: herneh+N+Sg+Tra (main)
No form created: herneh+N+Sg+Ter (main)
No form created: herneh+N+Sg+Ess (main)
No form created: herneh+N+Sg+Abe (main)
No form created: herneh+N+Sg+Com (main)
No form created: herneh+N+Pl+Ess (main)
No form created: herneh+N+Pl+Tra (main)
No form created: herneh+N+Pl+Ter (main)
No form created: herneh+N+Pl+Com (main)

No form created: palõh+N+Sg+Tra (main)
No form created: palõh+N+Sg+Ter (main)
No form created: palõh+N+Sg+Ess (main)
No form created: palõh+N+Sg+Abe (main)
No form created: palõh+N+Sg+Com (main)
No form created: palõh+N+Pl+Ess (main)
No form created: palõh+N+Pl+Tra (main)
No form created: palõh+N+Pl+Ter (main)
No form created: palõh+N+Pl+Com (main)

No form created: saabas+N+Sg+Tra (main)
No form created: saabas+N+Sg+Ter (main)
No form created: saabas+N+Sg+Ess (main)
No form created: saabas+N+Sg+Abe (main)
No form created: saabas+N+Sg+Com (main)
No form created: saabas+N+Pl+Ess (main)
No form created: saabas+N+Pl+Tra (main)
No form created: saabas+N+Pl+Ter (main)
No form created: saabas+N+Pl+Com (main)

No form created: tütär'+N+Sg+Nom (main)
No form created: tütär'+N+Sg+Gen (main)
No form created: tütär'+N+Sg+Par (main)
No form created: tütär'+N+Sg+Ill (main)
No form created: tütär'+N+Sg+Ela (main)
No form created: tütär'+N+Sg+Ine (main)
No form created: tütär'+N+Sg+Ade (main)
No form created: tütär'+N+Sg+All (main)
No form created: tütär'+N+Sg+Abl (main)
No form created: tütär'+N+Sg+Tra (main)
No form created: tütär'+N+Sg+Ter (main)
No form created: tütär'+N+Sg+Ess (main)
No form created: tütär'+N+Sg+Abe (main)
No form created: tütär'+N+Sg+Com (main)
No form created: tütär'+N+Pl+Nom (main)
No form created: tütär'+N+Pl+Gen (main)
No form created: tütär'+N+Pl+Par (main)
No form created: tütär'+N+Pl+Ill (main)
No form created: tütär'+N+Pl+Ela (main)
No form created: tütär'+N+Pl+Ine (main)
No form created: tütär'+N+Pl+Ess (main)
No form created: tütär'+N+Pl+Ade (main)
No form created: tütär'+N+Pl+All (main)
No form created: tütär'+N+Pl+Abl (main)
No form created: tütär'+N+Pl+Tra (main)
No form created: tütär'+N+Pl+Ter (main)
No form created: tütär'+N+Pl+Abe (main)
No form created: tütär'+N+Pl+Com (main)

No form created: hammas+N+Sg+Tra (main)
No form created: hammas+N+Sg+Ter (main)
No form created: hammas+N+Sg+Ess (main)
No form created: hammas+N+Sg+Abe (main)
No form created: hammas+N+Sg+Com (main)
No form created: hammas+N+Pl+Ess (main)
No form created: hammas+N+Pl+Tra (main)
No form created: hammas+N+Pl+Ter (main)
No form created: hammas+N+Pl+Com (main)

No form created: kannõï+N+Sg+Nom (main)
No form created: kannõï+N+Sg+Gen (main)
No form created: kannõï+N+Sg+Par (main)
No form created: kannõï+N+Sg+Ill (main)
No form created: kannõï+N+Sg+Ela (main)
No form created: kannõï+N+Sg+Ine (main)
No form created: kannõï+N+Sg+Ade (main)
No form created: kannõï+N+Sg+All (main)
No form created: kannõï+N+Sg+Abl (main)
No form created: kannõï+N+Sg+Tra (main)
No form created: kannõï+N+Sg+Ter (main)
No form created: kannõï+N+Sg+Ess (main)
No form created: kannõï+N+Sg+Abe (main)
No form created: kannõï+N+Sg+Com (main)
No form created: kannõï+N+Pl+Nom (main)
No form created: kannõï+N+Pl+Gen (main)
No form created: kannõï+N+Pl+Par (main)
No form created: kannõï+N+Pl+Ill (main)
No form created: kannõï+N+Pl+Ela (main)
No form created: kannõï+N+Pl+Ine (main)
No form created: kannõï+N+Pl+Ess (main)
No form created: kannõï+N+Pl+Ade (main)
No form created: kannõï+N+Pl+All (main)
No form created: kannõï+N+Pl+Abl (main)
No form created: kannõï+N+Pl+Tra (main)
No form created: kannõï+N+Pl+Ter (main)
No form created: kannõï+N+Pl+Abe (main)
No form created: kannõï+N+Pl+Com (main)

No form created: tarõ+N+Sg+Nom (main)
No form created: tarõ+N+Sg+Gen (main)
No form created: tarõ+N+Sg+Par (main)
No form created: tarõ+N+Sg+Ill (main)
No form created: tarõ+N+Sg+Ela (main)
No form created: tarõ+N+Sg+Ine (main)
No form created: tarõ+N+Sg+Ade (main)
No form created: tarõ+N+Sg+All (main)
No form created: tarõ+N+Sg+Abl (main)
No form created: tarõ+N+Sg+Tra (main)
No form created: tarõ+N+Sg+Ter (main)
No form created: tarõ+N+Sg+Ess (main)
No form created: tarõ+N+Sg+Abe (main)
No form created: tarõ+N+Sg+Com (main)
No form created: tarõ+N+Pl+Nom (main)
No form created: tarõ+N+Pl+Gen (main)
No form created: tarõ+N+Pl+Par (main)
No form created: tarõ+N+Pl+Ill (main)
No form created: tarõ+N+Pl+Ela (main)
No form created: tarõ+N+Pl+Ine (main)
No form created: tarõ+N+Pl+Ess (main)
No form created: tarõ+N+Pl+Ade (main)
No form created: tarõ+N+Pl+All (main)
No form created: tarõ+N+Pl+Abl (main)
No form created: tarõ+N+Pl+Tra (main)
No form created: tarõ+N+Pl+Ter (main)
No form created: tarõ+N+Pl+Abe (main)
No form created: tarõ+N+Pl+Com (main)

No forms generated for igä in dialect main

No form created: pini+N+Sg+Tra (main)
No form created: pini+N+Sg+Ter (main)
No form created: pini+N+Sg+Ess (main)
No form created: pini+N+Sg+Abe (main)
No form created: pini+N+Sg+Com (main)
No form created: pini+N+Pl+Ess (main)
No form created: pini+N+Pl+Tra (main)
No form created: pini+N+Pl+Ter (main)
No form created: pini+N+Pl+Com (main)

No form created: talo+N+Sg+Tra (main)
No form created: talo+N+Sg+Ter (main)
No form created: talo+N+Sg+Ess (main)
No form created: talo+N+Sg+Abe (main)
No form created: talo+N+Sg+Com (main)
No form created: talo+N+Pl+Ess (main)
No form created: talo+N+Pl+Tra (main)
No form created: talo+N+Pl+Ter (main)
No form created: talo+N+Pl+Com (main)

No form created: häbü+N+Sg+Tra (main)
No form created: häbü+N+Sg+Ter (main)
No form created: häbü+N+Sg+Ess (main)
No form created: häbü+N+Sg+Abe (main)
No form created: häbü+N+Sg+Com (main)
No form created: häbü+N+Pl+Ess (main)
No form created: häbü+N+Pl+Tra (main)
No form created: häbü+N+Pl+Ter (main)
No form created: häbü+N+Pl+Com (main)

No form created: kana+N+Sg+Tra (main)
No form created: kana+N+Sg+Ter (main)
No form created: kana+N+Sg+Ess (main)
No form created: kana+N+Sg+Abe (main)
No form created: kana+N+Sg+Com (main)
No form created: kana+N+Pl+Ess (main)
No form created: kana+N+Pl+Tra (main)
No form created: kana+N+Pl+Ter (main)
No form created: kana+N+Pl+Com (main)

No form created: sõda+N+Sg+Tra (main)
No form created: sõda+N+Sg+Ter (main)
No form created: sõda+N+Sg+Ess (main)
No form created: sõda+N+Sg+Abe (main)
No form created: sõda+N+Sg+Com (main)
No form created: sõda+N+Pl+Ess (main)
No form created: sõda+N+Pl+Tra (main)
No form created: sõda+N+Pl+Ter (main)
No form created: sõda+N+Pl+Com (main)

No form created: hain+N+Sg+Tra (main)
No form created: hain+N+Sg+Ter (main)
No form created: hain+N+Sg+Ess (main)
No form created: hain+N+Sg+Abe (main)
No form created: hain+N+Sg+Com (main)
No form created: hain+N+Pl+Ess (main)
No form created: hain+N+Pl+Tra (main)
No form created: hain+N+Pl+Ter (main)
No form created: hain+N+Pl+Com (main)

No form created: puhm+N+Sg+Tra (main)
No form created: puhm+N+Sg+Ter (main)
No form created: puhm+N+Sg+Ess (main)
No form created: puhm+N+Sg+Abe (main)
No form created: puhm+N+Sg+Com (main)
No form created: puhm+N+Pl+Ess (main)
No form created: puhm+N+Pl+Tra (main)
No form created: puhm+N+Pl+Ter (main)
No form created: puhm+N+Pl+Com (main)

No form created: kuld+N+Sg+Tra (main)
No form created: kuld+N+Sg+Ter (main)
No form created: kuld+N+Sg+Ess (main)
No form created: kuld+N+Sg+Abe (main)
No form created: kuld+N+Sg+Com (main)
No form created: kuld+N+Pl+Ess (main)
No form created: kuld+N+Pl+Tra (main)
No form created: kuld+N+Pl+Ter (main)
No form created: kuld+N+Pl+Com (main)

No form created: jalg+N+Sg+Tra (main)
No form created: jalg+N+Sg+Ter (main)
No form created: jalg+N+Sg+Ess (main)
No form created: jalg+N+Sg+Abe (main)
No form created: jalg+N+Sg+Com (main)
No form created: jalg+N+Pl+Ess (main)
No form created: jalg+N+Pl+Tra (main)
No form created: jalg+N+Pl+Ter (main)
No form created: jalg+N+Pl+Com (main)

No form created: särì+N+Sg+Nom (main)
No form created: särì+N+Sg+Gen (main)
No form created: särì+N+Sg+Par (main)
No form created: särì+N+Sg+Ill (main)
No form created: särì+N+Sg+Ela (main)
No form created: särì+N+Sg+Ine (main)
No form created: särì+N+Sg+Ade (main)
No form created: särì+N+Sg+All (main)
No form created: särì+N+Sg+Abl (main)
No form created: särì+N+Sg+Tra (main)
No form created: särì+N+Sg+Ter (main)
No form created: särì+N+Sg+Ess (main)
No form created: särì+N+Sg+Abe (main)
No form created: särì+N+Sg+Com (main)
No form created: särì+N+Pl+Nom (main)
No form created: särì+N+Pl+Gen (main)
No form created: särì+N+Pl+Par (main)
No form created: särì+N+Pl+Ill (main)
No form created: särì+N+Pl+Ela (main)
No form created: särì+N+Pl+Ine (main)
No form created: särì+N+Pl+Ess (main)
No form created: särì+N+Pl+Ade (main)
No form created: särì+N+Pl+All (main)
No form created: särì+N+Pl+Abl (main)
No form created: särì+N+Pl+Tra (main)
No form created: särì+N+Pl+Ter (main)
No form created: särì+N+Pl+Abe (main)
No form created: särì+N+Pl+Com (main)

No form created: silm+N+Sg+Tra (main)
No form created: silm+N+Sg+Ter (main)
No form created: silm+N+Sg+Ess (main)
No form created: silm+N+Sg+Abe (main)
No form created: silm+N+Sg+Com (main)
No form created: silm+N+Pl+Ess (main)
No form created: silm+N+Pl+Tra (main)
No form created: silm+N+Pl+Ter (main)
No form created: silm+N+Pl+Com (main)

No form created: kand+N+Sg+Tra (main)
No form created: kand+N+Sg+Ter (main)
No form created: kand+N+Sg+Ess (main)
No form created: kand+N+Sg+Abe (main)
No form created: kand+N+Sg+Com (main)
No form created: kand+N+Pl+Ess (main)
No form created: kand+N+Pl+Tra (main)
No form created: kand+N+Pl+Ter (main)
No form created: kand+N+Pl+Com (main)

No form created: aig+N+Sg+Tra (main)
No form created: aig+N+Sg+Ter (main)
No form created: aig+N+Sg+Ess (main)
No form created: aig+N+Sg+Abe (main)
No form created: aig+N+Sg+Com (main)
No form created: aig+N+Pl+Ess (main)
No form created: aig+N+Pl+Tra (main)
No form created: aig+N+Pl+Ter (main)
No form created: aig+N+Pl+Com (main)

No form created: kûûï+N+Sg+Nom (main)
No form created: kûûï+N+Sg+Gen (main)
No form created: kûûï+N+Sg+Par (main)
No form created: kûûï+N+Sg+Ill (main)
No form created: kûûï+N+Sg+Ela (main)
No form created: kûûï+N+Sg+Ine (main)
No form created: kûûï+N+Sg+Ade (main)
No form created: kûûï+N+Sg+All (main)
No form created: kûûï+N+Sg+Abl (main)
No form created: kûûï+N+Sg+Tra (main)
No form created: kûûï+N+Sg+Ter (main)
No form created: kûûï+N+Sg+Ess (main)
No form created: kûûï+N+Sg+Abe (main)
No form created: kûûï+N+Sg+Com (main)
No form created: kûûï+N+Pl+Nom (main)
No form created: kûûï+N+Pl+Gen (main)
No form created: kûûï+N+Pl+Par (main)
No form created: kûûï+N+Pl+Ill (main)
No form created: kûûï+N+Pl+Ela (main)
No form created: kûûï+N+Pl+Ine (main)
No form created: kûûï+N+Pl+Ess (main)
No form created: kûûï+N+Pl+Ade (main)
No form created: kûûï+N+Pl+All (main)
No form created: kûûï+N+Pl+Abl (main)
No form created: kûûï+N+Pl+Tra (main)
No form created: kûûï+N+Pl+Ter (main)
No form created: kûûï+N+Pl+Abe (main)
No form created: kûûï+N+Pl+Com (main)

No form created: tükk+N+Sg+Tra (main)
No form created: tükk+N+Sg+Ter (main)
No form created: tükk+N+Sg+Ess (main)
No form created: tükk+N+Sg+Abe (main)
No form created: tükk+N+Sg+Com (main)
No form created: tükk+N+Pl+Ess (main)
No form created: tükk+N+Pl+Tra (main)
No form created: tükk+N+Pl+Ter (main)
No form created: tükk+N+Pl+Com (main)

No form created: kanarik+N+Sg+Tra (main)
No form created: kanarik+N+Sg+Ter (main)
No form created: kanarik+N+Sg+Ess (main)
No form created: kanarik+N+Sg+Abe (main)
No form created: kanarik+N+Sg+Com (main)
No form created: kanarik+N+Pl+Ess (main)
No form created: kanarik+N+Pl+Tra (main)
No form created: kanarik+N+Pl+Ter (main)
No form created: kanarik+N+Pl+Com (main)

No form created: väits+N+Sg+Nom (main)
No form created: väits+N+Sg+Gen (main)
No form created: väits+N+Sg+Par (main)
No form created: väits+N+Sg+Ill (main)
No form created: väits+N+Sg+Ela (main)
No form created: väits+N+Sg+Ine (main)
No form created: väits+N+Sg+Ade (main)
No form created: väits+N+Sg+All (main)
No form created: väits+N+Sg+Abl (main)
No form created: väits+N+Sg+Tra (main)
No form created: väits+N+Sg+Ter (main)
No form created: väits+N+Sg+Ess (main)
No form created: väits+N+Sg+Abe (main)
No form created: väits+N+Sg+Com (main)
No form created: väits+N+Pl+Nom (main)
No form created: väits+N+Pl+Gen (main)
No form created: väits+N+Pl+Par (main)
No form created: väits+N+Pl+Ill (main)
No form created: väits+N+Pl+Ela (main)
No form created: väits+N+Pl+Ine (main)
No form created: väits+N+Pl+Ess (main)
No form created: väits+N+Pl+Ade (main)
No form created: väits+N+Pl+All (main)
No form created: väits+N+Pl+Abl (main)
No form created: väits+N+Pl+Tra (main)
No form created: väits+N+Pl+Ter (main)
No form created: väits+N+Pl+Abe (main)
No form created: väits+N+Pl+Com (main)

No form created: kîîï+N+Sg+Nom (main)
No form created: kîîï+N+Sg+Gen (main)
No form created: kîîï+N+Sg+Par (main)
No form created: kîîï+N+Sg+Ill (main)
No form created: kîîï+N+Sg+Ela (main)
No form created: kîîï+N+Sg+Ine (main)
No form created: kîîï+N+Sg+Ade (main)
No form created: kîîï+N+Sg+All (main)
No form created: kîîï+N+Sg+Abl (main)
No form created: kîîï+N+Sg+Tra (main)
No form created: kîîï+N+Sg+Ter (main)
No form created: kîîï+N+Sg+Ess (main)
No form created: kîîï+N+Sg+Abe (main)
No form created: kîîï+N+Sg+Com (main)
No form created: kîîï+N+Pl+Nom (main)
No form created: kîîï+N+Pl+Gen (main)
No form created: kîîï+N+Pl+Par (main)
No form created: kîîï+N+Pl+Ill (main)
No form created: kîîï+N+Pl+Ela (main)
No form created: kîîï+N+Pl+Ine (main)
No form created: kîîï+N+Pl+Ess (main)
No form created: kîîï+N+Pl+Ade (main)
No form created: kîîï+N+Pl+All (main)
No form created: kîîï+N+Pl+Abl (main)
No form created: kîîï+N+Pl+Tra (main)
No form created: kîîï+N+Pl+Ter (main)
No form created: kîîï+N+Pl+Abe (main)
No form created: kîîï+N+Pl+Com (main)

No form created: hüdsi+N+Sg+Tra (main)
No form created: hüdsi+N+Sg+Ter (main)
No form created: hüdsi+N+Sg+Ess (main)
No form created: hüdsi+N+Sg+Abe (main)
No form created: hüdsi+N+Sg+Com (main)
No form created: hüdsi+N+Pl+Ess (main)
No form created: hüdsi+N+Pl+Tra (main)
No form created: hüdsi+N+Pl+Ter (main)
No form created: hüdsi+N+Pl+Com (main)

No form created: käsi+N+Sg+Tra (main)
No form created: käsi+N+Sg+Ter (main)
No form created: käsi+N+Sg+Ess (main)
No form created: käsi+N+Sg+Abe (main)
No form created: käsi+N+Sg+Com (main)
No form created: käsi+N+Pl+Ess (main)
No form created: käsi+N+Pl+Tra (main)
No form created: käsi+N+Pl+Ter (main)
No form created: käsi+N+Pl+Com (main)

No form created: asi+N+Sg+Tra (main)
No form created: asi+N+Sg+Ter (main)
No form created: asi+N+Sg+Ess (main)
No form created: asi+N+Sg+Abe (main)
No form created: asi+N+Sg+Com (main)
No form created: asi+N+Pl+Ess (main)
No form created: asi+N+Pl+Tra (main)
No form created: asi+N+Pl+Ter (main)
No form created: asi+N+Pl+Com (main)

No form created: vari+N+Sg+Tra (main)
No form created: vari+N+Sg+Ter (main)
No form created: vari+N+Sg+Ess (main)
No form created: vari+N+Sg+Abe (main)
No form created: vari+N+Sg+Com (main)
No form created: vari+N+Pl+Ess (main)
No form created: vari+N+Pl+Tra (main)
No form created: vari+N+Pl+Ter (main)
No form created: vari+N+Pl+Com (main)

No form created: nagõl+N+Sg+Tra (main)
No form created: nagõl+N+Sg+Ter (main)
No form created: nagõl+N+Sg+Ess (main)
No form created: nagõl+N+Sg+Abe (main)
No form created: nagõl+N+Sg+Com (main)
No form created: nagõl+N+Pl+Ess (main)
No form created: nagõl+N+Pl+Tra (main)
No form created: nagõl+N+Pl+Ter (main)
No form created: nagõl+N+Pl+Com (main)

No form created: nakl+N+Sg+Tra (main)
No form created: nakl+N+Sg+Ter (main)
No form created: nakl+N+Sg+Ess (main)
No form created: nakl+N+Sg+Abe (main)
No form created: nakl+N+Sg+Com (main)
No form created: nakl+N+Pl+Ess (main)
No form created: nakl+N+Pl+Tra (main)
No form created: nakl+N+Pl+Ter (main)
No form created: nakl+N+Pl+Com (main)

No form created: kogõr+N+Sg+Tra (main)
No form created: kogõr+N+Sg+Ter (main)
No form created: kogõr+N+Sg+Ess (main)
No form created: kogõr+N+Sg+Abe (main)
No form created: kogõr+N+Sg+Com (main)
No form created: kogõr+N+Pl+Ess (main)
No form created: kogõr+N+Pl+Tra (main)
No form created: kogõr+N+Pl+Ter (main)
No form created: kogõr+N+Pl+Com (main)

No form created: kokr+N+Sg+Tra (main)
No form created: kokr+N+Sg+Ter (main)
No form created: kokr+N+Sg+Ess (main)
No form created: kokr+N+Sg+Abe (main)
No form created: kokr+N+Sg+Com (main)
No form created: kokr+N+Pl+Ess (main)
No form created: kokr+N+Pl+Tra (main)
No form created: kokr+N+Pl+Ter (main)
No form created: kokr+N+Pl+Com (main)

No form created: kubõl+N+Sg+Tra (main)
No form created: kubõl+N+Sg+Ter (main)
No form created: kubõl+N+Sg+Ess (main)
No form created: kubõl+N+Sg+Abe (main)
No form created: kubõl+N+Sg+Com (main)
No form created: kubõl+N+Pl+Ess (main)
No form created: kubõl+N+Pl+Tra (main)
No form created: kubõl+N+Pl+Ter (main)
No form created: kubõl+N+Pl+Com (main)

No form created: kupl+N+Sg+Tra (main)
No form created: kupl+N+Sg+Ter (main)
No form created: kupl+N+Sg+Ess (main)
No form created: kupl+N+Sg+Abe (main)
No form created: kupl+N+Sg+Com (main)
No form created: kupl+N+Pl+Ess (main)
No form created: kupl+N+Pl+Tra (main)
No form created: kupl+N+Pl+Ter (main)
No form created: kupl+N+Pl+Com (main)

No form created: kask+N+Sg+Tra (main)
No form created: kask+N+Sg+Ter (main)
No form created: kask+N+Sg+Ess (main)
No form created: kask+N+Sg+Abe (main)
No form created: kask+N+Sg+Com (main)
No form created: kask+N+Pl+Ess (main)
No form created: kask+N+Pl+Tra (main)
No form created: kask+N+Pl+Ter (main)
No form created: kask+N+Pl+Com (main)

No forms generated for täüs' in dialect main

No form created: kuu+N+Sg+Tra (main)
No form created: kuu+N+Sg+Ter (main)
No form created: kuu+N+Sg+Ess (main)
No form created: kuu+N+Sg+Abe (main)
No form created: kuu+N+Sg+Com (main)
No form created: kuu+N+Pl+Ess (main)
No form created: kuu+N+Pl+Tra (main)
No form created: kuu+N+Pl+Ter (main)
No form created: kuu+N+Pl+Com (main)

No form created: üü+N+Sg+Tra (main)
No form created: üü+N+Sg+Ter (main)
No form created: üü+N+Sg+Ess (main)
No form created: üü+N+Sg+Abe (main)
No form created: üü+N+Sg+Com (main)
No form created: üü+N+Pl+Ess (main)
No form created: üü+N+Pl+Tra (main)
No form created: üü+N+Pl+Ter (main)
No form created: üü+N+Pl+Com (main)

No form created: tüü+N+Sg+Tra (main)
No form created: tüü+N+Sg+Ter (main)
No form created: tüü+N+Sg+Ess (main)
No form created: tüü+N+Sg+Abe (main)
No form created: tüü+N+Sg+Com (main)
No form created: tüü+N+Pl+Ess (main)
No form created: tüü+N+Pl+Tra (main)
No form created: tüü+N+Pl+Ter (main)
No form created: tüü+N+Pl+Com (main)

No form created: täi+N+Sg+Tra (main)
No form created: täi+N+Sg+Ter (main)
No form created: täi+N+Sg+Ess (main)
No form created: täi+N+Sg+Abe (main)
No form created: täi+N+Sg+Com (main)
No form created: täi+N+Pl+Ess (main)
No form created: täi+N+Pl+Tra (main)
No form created: täi+N+Pl+Ter (main)
No form created: täi+N+Pl+Com (main)

No form created: jahmahtus+N+Sg+Tra (main)
No form created: jahmahtus+N+Sg+Ter (main)
No form created: jahmahtus+N+Sg+Ess (main)
No form created: jahmahtus+N+Sg+Abe (main)
No form created: jahmahtus+N+Sg+Com (main)
No form created: jahmahtus+N+Pl+Ess (main)
No form created: jahmahtus+N+Pl+Tra (main)
No form created: jahmahtus+N+Pl+Ter (main)
No form created: jahmahtus+N+Pl+Com (main)

No form created: jaht+N+Sg+Nom (main)
No form created: jaht+N+Sg+Gen (main)
No form created: jaht+N+Sg+Par (main)
No form created: jaht+N+Sg+Ill (main)
No form created: jaht+N+Sg+Ela (main)
No form created: jaht+N+Sg+Ine (main)
No form created: jaht+N+Sg+Ade (main)
No form created: jaht+N+Sg+All (main)
No form created: jaht+N+Sg+Abl (main)
No form created: jaht+N+Sg+Tra (main)
No form created: jaht+N+Sg+Ter (main)
No form created: jaht+N+Sg+Ess (main)
No form created: jaht+N+Sg+Abe (main)
No form created: jaht+N+Sg+Com (main)
No form created: jaht+N+Pl+Nom (main)
No form created: jaht+N+Pl+Gen (main)
No form created: jaht+N+Pl+Par (main)
No form created: jaht+N+Pl+Ill (main)
No form created: jaht+N+Pl+Ela (main)
No form created: jaht+N+Pl+Ine (main)
No form created: jaht+N+Pl+Ess (main)
No form created: jaht+N+Pl+Ade (main)
No form created: jaht+N+Pl+All (main)
No form created: jaht+N+Pl+Abl (main)
No form created: jaht+N+Pl+Tra (main)
No form created: jaht+N+Pl+Ter (main)
No form created: jaht+N+Pl+Abe (main)
No form created: jaht+N+Pl+Com (main)

